2023-05-18 16:33:52,766 - DEBUG - Using proactor: IocpProactor
2023-05-18 16:33:52,801 - INFO - server listening on [::1]:8000
2023-05-18 16:33:52,801 - INFO - server listening on 127.0.0.1:8000
2023-05-18 16:33:54,756 - DEBUG - = connection is CONNECTING
2023-05-18 16:33:54,759 - DEBUG - < GET / HTTP/1.1
2023-05-18 16:33:54,759 - DEBUG - < Host: 127.0.0.1:8000
2023-05-18 16:33:54,759 - DEBUG - < Connection: Upgrade
2023-05-18 16:33:54,759 - DEBUG - < Pragma: no-cache
2023-05-18 16:33:54,759 - DEBUG - < Cache-Control: no-cache
2023-05-18 16:33:54,759 - DEBUG - < User-Agent: Mozilla/5.0 (Windows NT 10.0; Win64; x64) AppleWebKit/537.36 (KHTML, like Gecko) Chrome/112.0.0.0 Safari/537.36
2023-05-18 16:33:54,759 - DEBUG - < Upgrade: websocket
2023-05-18 16:33:54,759 - DEBUG - < Origin: null
2023-05-18 16:33:54,759 - DEBUG - < Sec-WebSocket-Version: 13
2023-05-18 16:33:54,759 - DEBUG - < Accept-Encoding: gzip, deflate, br
2023-05-18 16:33:54,759 - DEBUG - < Accept-Language: zh-CN,zh;q=0.9
2023-05-18 16:33:54,759 - DEBUG - < Sec-WebSocket-Key: YDWj0nhPx+xbvGYPj6V8yw==
2023-05-18 16:33:54,759 - DEBUG - < Sec-WebSocket-Extensions: permessage-deflate; client_max_window_bits
2023-05-18 16:33:54,759 - DEBUG - > HTTP/1.1 101 Switching Protocols
2023-05-18 16:33:54,759 - DEBUG - > Upgrade: websocket
2023-05-18 16:33:54,759 - DEBUG - > Connection: Upgrade
2023-05-18 16:33:54,759 - DEBUG - > Sec-WebSocket-Accept: H9CLI/77Ch7XdtBRHFWNV3E9OS4=
2023-05-18 16:33:54,759 - DEBUG - > Sec-WebSocket-Extensions: permessage-deflate; server_max_window_bits=12; client_max_window_bits=12
2023-05-18 16:33:54,759 - DEBUG - > Date: Thu, 18 May 2023 08:33:54 GMT
2023-05-18 16:33:54,761 - DEBUG - > Server: Python/3.10 websockets/11.0.3
2023-05-18 16:33:54,761 - INFO - connection open
2023-05-18 16:33:54,761 - DEBUG - = connection is OPEN
2023-05-18 16:33:56,336 - DEBUG - < TEXT '{"ip":"08486690-8ae5-4509-8b06-704f516c5530.loc...imestamp":"2023-05-18"}' [114 bytes]
2023-05-18 16:34:01,316 - DEBUG - = connection is CONNECTING
2023-05-18 16:34:01,316 - DEBUG - < GET / HTTP/1.1
2023-05-18 16:34:01,317 - DEBUG - < Host: 127.0.0.1:8000
2023-05-18 16:34:01,317 - DEBUG - < Connection: Upgrade
2023-05-18 16:34:01,317 - DEBUG - < Pragma: no-cache
2023-05-18 16:34:01,317 - DEBUG - < Cache-Control: no-cache
2023-05-18 16:34:01,317 - DEBUG - < User-Agent: Mozilla/5.0 (Windows NT 10.0; Win64; x64) AppleWebKit/537.36 (KHTML, like Gecko) Chrome/112.0.0.0 Safari/537.36
2023-05-18 16:34:01,317 - DEBUG - < Upgrade: websocket
2023-05-18 16:34:01,317 - DEBUG - < Origin: null
2023-05-18 16:34:01,317 - DEBUG - < Sec-WebSocket-Version: 13
2023-05-18 16:34:01,317 - DEBUG - < Accept-Encoding: gzip, deflate, br
2023-05-18 16:34:01,317 - DEBUG - < Accept-Language: zh-CN,zh;q=0.9
2023-05-18 16:34:01,317 - DEBUG - < Sec-WebSocket-Key: cjW/C96a4Ac0hRFrNKYLsQ==
2023-05-18 16:34:01,317 - DEBUG - < Sec-WebSocket-Extensions: permessage-deflate; client_max_window_bits
2023-05-18 16:34:01,317 - DEBUG - > HTTP/1.1 101 Switching Protocols
2023-05-18 16:34:01,317 - DEBUG - > Upgrade: websocket
2023-05-18 16:34:01,317 - DEBUG - > Connection: Upgrade
2023-05-18 16:34:01,317 - DEBUG - > Sec-WebSocket-Accept: Ml8fSXlnf6YOCNFCGPl6z8JKgJw=
2023-05-18 16:34:01,317 - DEBUG - > Sec-WebSocket-Extensions: permessage-deflate; server_max_window_bits=12; client_max_window_bits=12
2023-05-18 16:34:01,317 - DEBUG - > Date: Thu, 18 May 2023 08:34:01 GMT
2023-05-18 16:34:01,317 - DEBUG - > Server: Python/3.10 websockets/11.0.3
2023-05-18 16:34:01,317 - INFO - connection open
2023-05-18 16:34:01,317 - DEBUG - = connection is OPEN
2023-05-18 16:34:02,591 - DEBUG - < TEXT '{"ip":"b5f89ca0-b6fa-467a-a5b3-d59849e135ae.loc...imestamp":"2023-05-18"}' [114 bytes]
2023-05-18 16:34:02,592 - DEBUG - > TEXT '{"ip": "b5f89ca0-b6fa-467a-a5b3-d59849e135ae.lo...mestamp": "2023-05-18"}' [121 bytes]
2023-05-18 16:34:14,775 - DEBUG - % sending keepalive ping
2023-05-18 16:34:14,776 - DEBUG - > PING 7d ab 80 e3 [binary, 4 bytes]
2023-05-18 16:34:14,776 - DEBUG - < PONG 7d ab 80 e3 [binary, 4 bytes]
2023-05-18 16:34:14,777 - DEBUG - % received keepalive pong
2023-05-18 16:34:21,320 - DEBUG - % sending keepalive ping
2023-05-18 16:34:21,320 - DEBUG - > PING 8e 9b 01 98 [binary, 4 bytes]
2023-05-18 16:34:21,320 - DEBUG - < PONG 8e 9b 01 98 [binary, 4 bytes]
2023-05-18 16:34:21,320 - DEBUG - % received keepalive pong
2023-05-18 16:34:24,685 - DEBUG - < CLOSE 1001 (going away) [2 bytes]
2023-05-18 16:34:24,685 - DEBUG - = connection is CLOSING
2023-05-18 16:34:24,685 - DEBUG - > CLOSE 1001 (going away) [2 bytes]
2023-05-18 16:34:24,686 - DEBUG - x half-closing TCP connection
2023-05-18 16:34:24,686 - DEBUG - = connection is CLOSED
2023-05-18 16:34:24,686 - INFO - connection closed
2023-05-18 16:34:24,755 - DEBUG - = connection is CONNECTING
2023-05-18 16:34:24,755 - DEBUG - < GET / HTTP/1.1
2023-05-18 16:34:24,756 - DEBUG - < Host: 127.0.0.1:8000
2023-05-18 16:34:24,756 - DEBUG - < Connection: Upgrade
2023-05-18 16:34:24,756 - DEBUG - < Pragma: no-cache
2023-05-18 16:34:24,756 - DEBUG - < Cache-Control: no-cache
2023-05-18 16:34:24,756 - DEBUG - < User-Agent: Mozilla/5.0 (Windows NT 10.0; Win64; x64) AppleWebKit/537.36 (KHTML, like Gecko) Chrome/112.0.0.0 Safari/537.36
2023-05-18 16:34:24,756 - DEBUG - < Upgrade: websocket
2023-05-18 16:34:24,756 - DEBUG - < Origin: null
2023-05-18 16:34:24,756 - DEBUG - < Sec-WebSocket-Version: 13
2023-05-18 16:34:24,756 - DEBUG - < Accept-Encoding: gzip, deflate, br
2023-05-18 16:34:24,756 - DEBUG - < Accept-Language: zh-CN,zh;q=0.9
2023-05-18 16:34:24,756 - DEBUG - < Sec-WebSocket-Key: wxzN65WFjbWBY5CQrddKLA==
2023-05-18 16:34:24,756 - DEBUG - < Sec-WebSocket-Extensions: permessage-deflate; client_max_window_bits
2023-05-18 16:34:24,756 - DEBUG - > HTTP/1.1 101 Switching Protocols
2023-05-18 16:34:24,756 - DEBUG - > Upgrade: websocket
2023-05-18 16:34:24,757 - DEBUG - > Connection: Upgrade
2023-05-18 16:34:24,757 - DEBUG - > Sec-WebSocket-Accept: x/XqXv5cXK0+c8VBulWrw/lt/Nw=
2023-05-18 16:34:24,757 - DEBUG - > Sec-WebSocket-Extensions: permessage-deflate; server_max_window_bits=12; client_max_window_bits=12
2023-05-18 16:34:24,757 - DEBUG - > Date: Thu, 18 May 2023 08:34:24 GMT
2023-05-18 16:34:24,757 - DEBUG - > Server: Python/3.10 websockets/11.0.3
2023-05-18 16:34:24,757 - INFO - connection open
2023-05-18 16:34:24,757 - DEBUG - = connection is OPEN
2023-05-18 16:34:27,134 - DEBUG - < TEXT '{"ip":"776ccfab-7c96-4aad-a6cd-5cb8c9d40ec8.loc...imestamp":"2023-05-18"}' [114 bytes]
2023-05-18 16:34:27,134 - DEBUG - > TEXT '{"ip": "776ccfab-7c96-4aad-a6cd-5cb8c9d40ec8.lo...mestamp": "2023-05-18"}' [121 bytes]
2023-05-18 16:34:29,562 - DEBUG - < CLOSE 1001 (going away) [2 bytes]
2023-05-18 16:34:29,562 - DEBUG - = connection is CLOSING
2023-05-18 16:34:29,562 - DEBUG - > CLOSE 1001 (going away) [2 bytes]
2023-05-18 16:34:29,562 - DEBUG - x half-closing TCP connection
2023-05-18 16:34:29,562 - DEBUG - = connection is CLOSED
2023-05-18 16:34:29,563 - INFO - connection closed
2023-05-18 16:34:29,599 - DEBUG - = connection is CONNECTING
2023-05-18 16:34:29,600 - DEBUG - < GET / HTTP/1.1
2023-05-18 16:34:29,600 - DEBUG - < Host: 127.0.0.1:8000
2023-05-18 16:34:29,600 - DEBUG - < Connection: Upgrade
2023-05-18 16:34:29,600 - DEBUG - < Pragma: no-cache
2023-05-18 16:34:29,600 - DEBUG - < Cache-Control: no-cache
2023-05-18 16:34:29,600 - DEBUG - < User-Agent: Mozilla/5.0 (Windows NT 10.0; Win64; x64) AppleWebKit/537.36 (KHTML, like Gecko) Chrome/112.0.0.0 Safari/537.36
2023-05-18 16:34:29,600 - DEBUG - < Upgrade: websocket
2023-05-18 16:34:29,600 - DEBUG - < Origin: null
2023-05-18 16:34:29,600 - DEBUG - < Sec-WebSocket-Version: 13
2023-05-18 16:34:29,600 - DEBUG - < Accept-Encoding: gzip, deflate, br
2023-05-18 16:34:29,600 - DEBUG - < Accept-Language: zh-CN,zh;q=0.9
2023-05-18 16:34:29,600 - DEBUG - < Sec-WebSocket-Key: WVT1Qs3DrTx2yH5anWosKA==
2023-05-18 16:34:29,600 - DEBUG - < Sec-WebSocket-Extensions: permessage-deflate; client_max_window_bits
2023-05-18 16:34:29,600 - DEBUG - > HTTP/1.1 101 Switching Protocols
2023-05-18 16:34:29,600 - DEBUG - > Upgrade: websocket
2023-05-18 16:34:29,600 - DEBUG - > Connection: Upgrade
2023-05-18 16:34:29,600 - DEBUG - > Sec-WebSocket-Accept: I6TcckqL4h5Bs0yJxEe77KnXdy8=
2023-05-18 16:34:29,600 - DEBUG - > Sec-WebSocket-Extensions: permessage-deflate; server_max_window_bits=12; client_max_window_bits=12
2023-05-18 16:34:29,600 - DEBUG - > Date: Thu, 18 May 2023 08:34:29 GMT
2023-05-18 16:34:29,600 - DEBUG - > Server: Python/3.10 websockets/11.0.3
2023-05-18 16:34:29,600 - INFO - connection open
2023-05-18 16:34:29,600 - DEBUG - = connection is OPEN
2023-05-18 16:34:30,961 - DEBUG - < TEXT '{"ip":"4ea5aee4-f856-42a7-9faf-d1dbb4fbd48e.loc...imestamp":"2023-05-18"}' [115 bytes]
2023-05-18 16:34:30,962 - DEBUG - > TEXT '{"ip": "4ea5aee4-f856-42a7-9faf-d1dbb4fbd48e.lo...mestamp": "2023-05-18"}' [122 bytes]
2023-05-18 16:34:38,777 - DEBUG - < TEXT '{"ip":"4ea5aee4-f856-42a7-9faf-d1dbb4fbd48e.loc...imestamp":"2023-05-18"}' [115 bytes]
2023-05-18 16:34:38,778 - DEBUG - > TEXT '{"ip": "4ea5aee4-f856-42a7-9faf-d1dbb4fbd48e.lo...mestamp": "2023-05-18"}' [122 bytes]
2023-05-18 16:34:44,771 - DEBUG - % sending keepalive ping
2023-05-18 16:34:44,771 - DEBUG - > PING 46 c1 0e 36 [binary, 4 bytes]
2023-05-18 16:34:44,772 - DEBUG - < PONG 46 c1 0e 36 [binary, 4 bytes]
2023-05-18 16:34:44,772 - DEBUG - % received keepalive pong
2023-05-18 16:34:47,914 - DEBUG - < TEXT '{"ip":"776ccfab-7c96-4aad-a6cd-5cb8c9d40ec8.loc...imestamp":"2023-05-18"}' [114 bytes]
2023-05-18 16:34:47,915 - DEBUG - > TEXT '{"ip": "776ccfab-7c96-4aad-a6cd-5cb8c9d40ec8.lo...mestamp": "2023-05-18"}' [121 bytes]
2023-05-18 16:34:49,611 - DEBUG - % sending keepalive ping
2023-05-18 16:34:49,611 - DEBUG - > PING 'BÅM' [text, 4 bytes]
2023-05-18 16:34:49,612 - DEBUG - < PONG 'BÅM' [text, 4 bytes]
2023-05-18 16:34:49,612 - DEBUG - % received keepalive pong
2023-05-18 16:34:57,351 - DEBUG - < TEXT '{"ip":"776ccfab-7c96-4aad-a6cd-5cb8c9d40ec8.loc...imestamp":"2023-05-18"}' [647 bytes]
2023-05-18 16:34:57,352 - DEBUG - > TEXT '{"ip": "776ccfab-7c96-4aad-a6cd-5cb8c9d40ec8.lo...mestamp": "2023-05-18"}' [720 bytes]
2023-05-18 16:35:04,772 - DEBUG - % sending keepalive ping
2023-05-18 16:35:04,772 - DEBUG - > PING 4f 20 40 d0 [binary, 4 bytes]
2023-05-18 16:35:04,773 - DEBUG - < PONG 4f 20 40 d0 [binary, 4 bytes]
2023-05-18 16:35:04,773 - DEBUG - % received keepalive pong
2023-05-18 16:35:09,631 - DEBUG - % sending keepalive ping
2023-05-18 16:35:09,631 - DEBUG - > PING 99 a8 64 32 [binary, 4 bytes]
2023-05-18 16:35:09,631 - DEBUG - < PONG 99 a8 64 32 [binary, 4 bytes]
2023-05-18 16:35:09,631 - DEBUG - % received keepalive pong
2023-05-18 16:35:22,652 - DEBUG - < CLOSE 1001 (going away) [2 bytes]
2023-05-18 16:35:22,652 - DEBUG - = connection is CLOSING
2023-05-18 16:35:22,652 - DEBUG - > CLOSE 1001 (going away) [2 bytes]
2023-05-18 16:35:22,652 - DEBUG - x half-closing TCP connection
2023-05-18 16:35:22,652 - DEBUG - = connection is CLOSED
2023-05-18 16:35:22,653 - INFO - connection closed
2023-05-18 16:35:22,692 - DEBUG - = connection is CONNECTING
2023-05-18 16:35:22,693 - DEBUG - < GET / HTTP/1.1
2023-05-18 16:35:22,693 - DEBUG - < Host: 127.0.0.1:8000
2023-05-18 16:35:22,693 - DEBUG - < Connection: Upgrade
2023-05-18 16:35:22,693 - DEBUG - < Pragma: no-cache
2023-05-18 16:35:22,694 - DEBUG - < Cache-Control: no-cache
2023-05-18 16:35:22,694 - DEBUG - < User-Agent: Mozilla/5.0 (Windows NT 10.0; Win64; x64) AppleWebKit/537.36 (KHTML, like Gecko) Chrome/112.0.0.0 Safari/537.36
2023-05-18 16:35:22,694 - DEBUG - < Upgrade: websocket
2023-05-18 16:35:22,694 - DEBUG - < Origin: null
2023-05-18 16:35:22,694 - DEBUG - < Sec-WebSocket-Version: 13
2023-05-18 16:35:22,694 - DEBUG - < Accept-Encoding: gzip, deflate, br
2023-05-18 16:35:22,694 - DEBUG - < Accept-Language: zh-CN,zh;q=0.9
2023-05-18 16:35:22,694 - DEBUG - < Sec-WebSocket-Key: LcRV0x+zd5YzWX4CTVYHnQ==
2023-05-18 16:35:22,694 - DEBUG - < Sec-WebSocket-Extensions: permessage-deflate; client_max_window_bits
2023-05-18 16:35:22,694 - DEBUG - > HTTP/1.1 101 Switching Protocols
2023-05-18 16:35:22,694 - DEBUG - > Upgrade: websocket
2023-05-18 16:35:22,694 - DEBUG - > Connection: Upgrade
2023-05-18 16:35:22,695 - DEBUG - > Sec-WebSocket-Accept: CGokw7U9ITfm9H4G83lRu21eMB8=
2023-05-18 16:35:22,695 - DEBUG - > Sec-WebSocket-Extensions: permessage-deflate; server_max_window_bits=12; client_max_window_bits=12
2023-05-18 16:35:22,695 - DEBUG - > Date: Thu, 18 May 2023 08:35:22 GMT
2023-05-18 16:35:22,695 - DEBUG - > Server: Python/3.10 websockets/11.0.3
2023-05-18 16:35:22,695 - INFO - connection open
2023-05-18 16:35:22,695 - DEBUG - = connection is OPEN
2023-05-18 16:35:23,931 - DEBUG - < TEXT '{"ip":"7b3a6f47-9268-4962-9fdf-f61537475c3d.loc...imestamp":"2023-05-18"}' [114 bytes]
2023-05-18 16:35:23,932 - DEBUG - > TEXT '{"ip": "7b3a6f47-9268-4962-9fdf-f61537475c3d.lo...mestamp": "2023-05-18"}' [121 bytes]
2023-05-18 16:35:24,767 - DEBUG - % sending keepalive ping
2023-05-18 16:35:24,767 - DEBUG - > PING 16 98 b2 fe [binary, 4 bytes]
2023-05-18 16:35:24,768 - DEBUG - < PONG 16 98 b2 fe [binary, 4 bytes]
2023-05-18 16:35:24,768 - DEBUG - % received keepalive pong
2023-05-18 16:35:25,424 - DEBUG - < TEXT '{"ip":"7b3a6f47-9268-4962-9fdf-f61537475c3d.loc...imestamp":"2023-05-18"}' [647 bytes]
2023-05-18 16:35:25,425 - DEBUG - > TEXT '{"ip": "7b3a6f47-9268-4962-9fdf-f61537475c3d.lo...mestamp": "2023-05-18"}' [720 bytes]
2023-05-18 16:35:38,286 - DEBUG - < CLOSE 1001 (going away) [2 bytes]
2023-05-18 16:35:38,286 - DEBUG - = connection is CLOSING
2023-05-18 16:35:38,286 - DEBUG - > CLOSE 1001 (going away) [2 bytes]
2023-05-18 16:35:38,286 - DEBUG - x half-closing TCP connection
2023-05-18 16:35:38,287 - DEBUG - = connection is CLOSED
2023-05-18 16:35:38,287 - INFO - connection closed
2023-05-18 16:35:38,331 - DEBUG - = connection is CONNECTING
2023-05-18 16:35:38,332 - DEBUG - < GET / HTTP/1.1
2023-05-18 16:35:38,332 - DEBUG - < Host: 127.0.0.1:8000
2023-05-18 16:35:38,332 - DEBUG - < Connection: Upgrade
2023-05-18 16:35:38,332 - DEBUG - < Pragma: no-cache
2023-05-18 16:35:38,332 - DEBUG - < Cache-Control: no-cache
2023-05-18 16:35:38,332 - DEBUG - < User-Agent: Mozilla/5.0 (Windows NT 10.0; Win64; x64) AppleWebKit/537.36 (KHTML, like Gecko) Chrome/112.0.0.0 Safari/537.36
2023-05-18 16:35:38,332 - DEBUG - < Upgrade: websocket
2023-05-18 16:35:38,332 - DEBUG - < Origin: null
2023-05-18 16:35:38,332 - DEBUG - < Sec-WebSocket-Version: 13
2023-05-18 16:35:38,332 - DEBUG - < Accept-Encoding: gzip, deflate, br
2023-05-18 16:35:38,332 - DEBUG - < Accept-Language: zh-CN,zh;q=0.9
2023-05-18 16:35:38,332 - DEBUG - < Sec-WebSocket-Key: DunB/L0rsjTToAJMwzglXQ==
2023-05-18 16:35:38,332 - DEBUG - < Sec-WebSocket-Extensions: permessage-deflate; client_max_window_bits
2023-05-18 16:35:38,334 - DEBUG - > HTTP/1.1 101 Switching Protocols
2023-05-18 16:35:38,335 - DEBUG - > Upgrade: websocket
2023-05-18 16:35:38,335 - DEBUG - > Connection: Upgrade
2023-05-18 16:35:38,335 - DEBUG - > Sec-WebSocket-Accept: L4lKa9vPpJILMxh1PQYo9HGpUoU=
2023-05-18 16:35:38,335 - DEBUG - > Sec-WebSocket-Extensions: permessage-deflate; server_max_window_bits=12; client_max_window_bits=12
2023-05-18 16:35:38,335 - DEBUG - > Date: Thu, 18 May 2023 08:35:38 GMT
2023-05-18 16:35:38,335 - DEBUG - > Server: Python/3.10 websockets/11.0.3
2023-05-18 16:35:38,336 - INFO - connection open
2023-05-18 16:35:38,336 - DEBUG - = connection is OPEN
2023-05-18 16:35:39,584 - DEBUG - < TEXT '{"ip":"2e6e4f8f-26cc-4d76-b827-0e15429cae47.loc...imestamp":"2023-05-18"}' [114 bytes]
2023-05-18 16:35:39,584 - DEBUG - > TEXT '{"ip": "2e6e4f8f-26cc-4d76-b827-0e15429cae47.lo...mestamp": "2023-05-18"}' [121 bytes]
2023-05-18 16:35:44,779 - DEBUG - % sending keepalive ping
2023-05-18 16:35:44,779 - DEBUG - > PING f3 68 c9 59 [binary, 4 bytes]
2023-05-18 16:35:44,779 - DEBUG - < PONG f3 68 c9 59 [binary, 4 bytes]
2023-05-18 16:35:44,779 - DEBUG - % received keepalive pong
2023-05-18 16:35:56,967 - DEBUG - < CLOSE 1001 (going away) [2 bytes]
2023-05-18 16:35:56,969 - DEBUG - = connection is CLOSING
2023-05-18 16:35:56,969 - DEBUG - > CLOSE 1001 (going away) [2 bytes]
2023-05-18 16:35:56,969 - DEBUG - x half-closing TCP connection
2023-05-18 16:35:56,969 - DEBUG - = connection is CLOSED
2023-05-18 16:35:56,969 - INFO - connection closed
2023-05-18 16:35:57,014 - DEBUG - = connection is CONNECTING
2023-05-18 16:35:57,017 - DEBUG - < GET / HTTP/1.1
2023-05-18 16:35:57,017 - DEBUG - < Host: 127.0.0.1:8000
2023-05-18 16:35:57,017 - DEBUG - < Connection: Upgrade
2023-05-18 16:35:57,017 - DEBUG - < Pragma: no-cache
2023-05-18 16:35:57,017 - DEBUG - < Cache-Control: no-cache
2023-05-18 16:35:57,017 - DEBUG - < User-Agent: Mozilla/5.0 (Windows NT 10.0; Win64; x64) AppleWebKit/537.36 (KHTML, like Gecko) Chrome/112.0.0.0 Safari/537.36
2023-05-18 16:35:57,019 - DEBUG - < Upgrade: websocket
2023-05-18 16:35:57,019 - DEBUG - < Origin: null
2023-05-18 16:35:57,019 - DEBUG - < Sec-WebSocket-Version: 13
2023-05-18 16:35:57,019 - DEBUG - < Accept-Encoding: gzip, deflate, br
2023-05-18 16:35:57,019 - DEBUG - < Accept-Language: zh-CN,zh;q=0.9
2023-05-18 16:35:57,019 - DEBUG - < Sec-WebSocket-Key: fnaienwp9bU/u/pzHFb6EQ==
2023-05-18 16:35:57,019 - DEBUG - < Sec-WebSocket-Extensions: permessage-deflate; client_max_window_bits
2023-05-18 16:35:57,019 - DEBUG - > HTTP/1.1 101 Switching Protocols
2023-05-18 16:35:57,019 - DEBUG - > Upgrade: websocket
2023-05-18 16:35:57,019 - DEBUG - > Connection: Upgrade
2023-05-18 16:35:57,019 - DEBUG - > Sec-WebSocket-Accept: +o0Uad1p19s917Fh9cK147Al5FE=
2023-05-18 16:35:57,019 - DEBUG - > Sec-WebSocket-Extensions: permessage-deflate; server_max_window_bits=12; client_max_window_bits=12
2023-05-18 16:35:57,019 - DEBUG - > Date: Thu, 18 May 2023 08:35:57 GMT
2023-05-18 16:35:57,019 - DEBUG - > Server: Python/3.10 websockets/11.0.3
2023-05-18 16:35:57,020 - INFO - connection open
2023-05-18 16:35:57,020 - DEBUG - = connection is OPEN
2023-05-18 16:35:58,547 - DEBUG - < TEXT '{"ip":"04fd6def-08ad-477e-9d1f-14e790e26f79.loc...imestamp":"2023-05-18"}' [114 bytes]
2023-05-18 16:35:58,549 - DEBUG - > TEXT '{"ip": "04fd6def-08ad-477e-9d1f-14e790e26f79.lo...mestamp": "2023-05-18"}' [121 bytes]
2023-05-18 16:36:04,502 - DEBUG - < CLOSE 1001 (going away) [2 bytes]
2023-05-18 16:36:04,502 - DEBUG - = connection is CLOSING
2023-05-18 16:36:04,503 - DEBUG - > CLOSE 1001 (going away) [2 bytes]
2023-05-18 16:36:04,503 - DEBUG - x half-closing TCP connection
2023-05-18 16:36:04,503 - DEBUG - = connection is CLOSED
2023-05-18 16:36:04,503 - INFO - connection closed
2023-05-18 16:36:04,573 - DEBUG - = connection is CONNECTING
2023-05-18 16:36:04,574 - DEBUG - < GET / HTTP/1.1
2023-05-18 16:36:04,574 - DEBUG - < Host: 127.0.0.1:8000
2023-05-18 16:36:04,574 - DEBUG - < Connection: Upgrade
2023-05-18 16:36:04,574 - DEBUG - < Pragma: no-cache
2023-05-18 16:36:04,574 - DEBUG - < Cache-Control: no-cache
2023-05-18 16:36:04,574 - DEBUG - < User-Agent: Mozilla/5.0 (Windows NT 10.0; Win64; x64) AppleWebKit/537.36 (KHTML, like Gecko) Chrome/112.0.0.0 Safari/537.36
2023-05-18 16:36:04,574 - DEBUG - < Upgrade: websocket
2023-05-18 16:36:04,574 - DEBUG - < Origin: null
2023-05-18 16:36:04,574 - DEBUG - < Sec-WebSocket-Version: 13
2023-05-18 16:36:04,576 - DEBUG - < Accept-Encoding: gzip, deflate, br
2023-05-18 16:36:04,576 - DEBUG - < Accept-Language: zh-CN,zh;q=0.9
2023-05-18 16:36:04,576 - DEBUG - < Sec-WebSocket-Key: CT7oh2zhfTMMrlEPmZp+2w==
2023-05-18 16:36:04,576 - DEBUG - < Sec-WebSocket-Extensions: permessage-deflate; client_max_window_bits
2023-05-18 16:36:04,576 - DEBUG - > HTTP/1.1 101 Switching Protocols
2023-05-18 16:36:04,576 - DEBUG - > Upgrade: websocket
2023-05-18 16:36:04,576 - DEBUG - > Connection: Upgrade
2023-05-18 16:36:04,576 - DEBUG - > Sec-WebSocket-Accept: U9+OnKRbc6c7DCiqkpOvFpmJ0uQ=
2023-05-18 16:36:04,576 - DEBUG - > Sec-WebSocket-Extensions: permessage-deflate; server_max_window_bits=12; client_max_window_bits=12
2023-05-18 16:36:04,576 - DEBUG - > Date: Thu, 18 May 2023 08:36:04 GMT
2023-05-18 16:36:04,576 - DEBUG - > Server: Python/3.10 websockets/11.0.3
2023-05-18 16:36:04,577 - INFO - connection open
2023-05-18 16:36:04,577 - DEBUG - = connection is OPEN
2023-05-18 16:36:06,057 - DEBUG - < TEXT '{"ip":"96c89c43-8bb9-447f-b491-021b1fdebc32.loc...imestamp":"2023-05-18"}' [114 bytes]
2023-05-18 16:36:06,057 - DEBUG - > TEXT '{"ip": "96c89c43-8bb9-447f-b491-021b1fdebc32.lo...mestamp": "2023-05-18"}' [121 bytes]
2023-05-18 16:36:08,035 - DEBUG - < TEXT '{"ip":"96c89c43-8bb9-447f-b491-021b1fdebc32.loc...imestamp":"2023-05-18"}' [114 bytes]
2023-05-18 16:36:08,035 - DEBUG - > TEXT '{"ip": "96c89c43-8bb9-447f-b491-021b1fdebc32.lo...mestamp": "2023-05-18"}' [121 bytes]
2023-05-18 16:36:10,663 - DEBUG - < TEXT '{"ip":"04fd6def-08ad-477e-9d1f-14e790e26f79.loc...imestamp":"2023-05-18"}' [114 bytes]
2023-05-18 16:36:10,663 - DEBUG - > TEXT '{"ip": "04fd6def-08ad-477e-9d1f-14e790e26f79.lo...mestamp": "2023-05-18"}' [121 bytes]
2023-05-18 16:36:14,079 - DEBUG - < TEXT '{"ip":"04fd6def-08ad-477e-9d1f-14e790e26f79.loc...imestamp":"2023-05-18"}' [250 bytes]
2023-05-18 16:36:14,080 - DEBUG - > TEXT '{"ip": "04fd6def-08ad-477e-9d1f-14e790e26f79.lo...mestamp": "2023-05-18"}' [293 bytes]
2023-05-18 16:36:17,029 - DEBUG - % sending keepalive ping
2023-05-18 16:36:17,029 - DEBUG - > PING ec fb 1b 9d [binary, 4 bytes]
2023-05-18 16:36:17,030 - DEBUG - < PONG ec fb 1b 9d [binary, 4 bytes]
2023-05-18 16:36:17,030 - DEBUG - % received keepalive pong
2023-05-18 16:36:20,746 - DEBUG - < TEXT '{"ip":"96c89c43-8bb9-447f-b491-021b1fdebc32.loc...imestamp":"2023-05-18"}' [119 bytes]
2023-05-18 16:36:20,747 - DEBUG - > TEXT '{"ip": "96c89c43-8bb9-447f-b491-021b1fdebc32.lo...mestamp": "2023-05-18"}' [126 bytes]
2023-05-18 16:36:24,577 - DEBUG - % sending keepalive ping
2023-05-18 16:36:24,577 - DEBUG - > PING 07 18 dc c1 [binary, 4 bytes]
2023-05-18 16:36:24,578 - DEBUG - < PONG 07 18 dc c1 [binary, 4 bytes]
2023-05-18 16:36:24,578 - DEBUG - % received keepalive pong
2023-05-18 16:36:37,044 - DEBUG - % sending keepalive ping
2023-05-18 16:36:37,044 - DEBUG - > PING ea d1 4a 33 [binary, 4 bytes]
2023-05-18 16:36:37,045 - DEBUG - < PONG ea d1 4a 33 [binary, 4 bytes]
2023-05-18 16:36:37,045 - DEBUG - % received keepalive pong
2023-05-18 16:36:44,580 - DEBUG - % sending keepalive ping
2023-05-18 16:36:44,580 - DEBUG - > PING d5 9e 23 cb [binary, 4 bytes]
2023-05-18 16:36:44,581 - DEBUG - < PONG d5 9e 23 cb [binary, 4 bytes]
2023-05-18 16:36:44,581 - DEBUG - % received keepalive pong
2023-05-18 16:36:57,060 - DEBUG - % sending keepalive ping
2023-05-18 16:36:57,060 - DEBUG - > PING dc c8 c4 16 [binary, 4 bytes]
2023-05-18 16:36:57,060 - DEBUG - < PONG dc c8 c4 16 [binary, 4 bytes]
2023-05-18 16:36:57,061 - DEBUG - % received keepalive pong
2023-05-18 16:37:04,582 - DEBUG - % sending keepalive ping
2023-05-18 16:37:04,583 - DEBUG - > PING 9b 56 5a da [binary, 4 bytes]
2023-05-18 16:37:04,583 - DEBUG - < PONG 9b 56 5a da [binary, 4 bytes]
2023-05-18 16:37:04,583 - DEBUG - % received keepalive pong
2023-05-18 16:37:17,083 - DEBUG - % sending keepalive ping
2023-05-18 16:37:17,083 - DEBUG - > PING 10 fc d4 b2 [binary, 4 bytes]
2023-05-18 16:37:17,083 - DEBUG - < PONG 10 fc d4 b2 [binary, 4 bytes]
2023-05-18 16:37:17,083 - DEBUG - % received keepalive pong
2023-05-18 16:37:24,599 - DEBUG - % sending keepalive ping
2023-05-18 16:37:24,599 - DEBUG - > PING 15 8a ea f0 [binary, 4 bytes]
2023-05-18 16:37:24,600 - DEBUG - < PONG 15 8a ea f0 [binary, 4 bytes]
2023-05-18 16:37:24,600 - DEBUG - % received keepalive pong
2023-05-18 16:37:37,097 - DEBUG - % sending keepalive ping
2023-05-18 16:37:37,097 - DEBUG - > PING ca 0c d5 0c [binary, 4 bytes]
2023-05-18 16:37:37,097 - DEBUG - < PONG ca 0c d5 0c [binary, 4 bytes]
2023-05-18 16:37:37,097 - DEBUG - % received keepalive pong
2023-05-18 16:37:44,605 - DEBUG - % sending keepalive ping
2023-05-18 16:37:44,605 - DEBUG - > PING 4b a1 b2 9a [binary, 4 bytes]
2023-05-18 16:37:44,606 - DEBUG - < PONG 4b a1 b2 9a [binary, 4 bytes]
2023-05-18 16:37:44,606 - DEBUG - % received keepalive pong
2023-05-18 16:37:57,099 - DEBUG - % sending keepalive ping
2023-05-18 16:37:57,100 - DEBUG - > PING 94 d2 38 df [binary, 4 bytes]
2023-05-18 16:37:57,100 - DEBUG - < PONG 94 d2 38 df [binary, 4 bytes]
2023-05-18 16:37:57,101 - DEBUG - % received keepalive pong
2023-05-18 16:38:04,631 - DEBUG - % sending keepalive ping
2023-05-18 16:38:04,631 - DEBUG - > PING 94 87 ae 69 [binary, 4 bytes]
2023-05-18 16:38:04,632 - DEBUG - < PONG 94 87 ae 69 [binary, 4 bytes]
2023-05-18 16:38:04,632 - DEBUG - % received keepalive pong
2023-05-18 16:38:17,117 - DEBUG - % sending keepalive ping
2023-05-18 16:38:17,117 - DEBUG - > PING 8b 1f 34 21 [binary, 4 bytes]
2023-05-18 16:38:17,118 - DEBUG - < PONG 8b 1f 34 21 [binary, 4 bytes]
2023-05-18 16:38:17,118 - DEBUG - % received keepalive pong
2023-05-18 16:38:24,630 - DEBUG - % sending keepalive ping
2023-05-18 16:38:24,630 - DEBUG - > PING 73 1d 73 bb [binary, 4 bytes]
2023-05-18 16:38:24,630 - DEBUG - < PONG 73 1d 73 bb [binary, 4 bytes]
2023-05-18 16:38:24,631 - DEBUG - % received keepalive pong
2023-05-18 16:38:37,132 - DEBUG - % sending keepalive ping
2023-05-18 16:38:37,132 - DEBUG - > PING 5a 7b 78 98 [binary, 4 bytes]
2023-05-18 16:38:37,132 - DEBUG - < PONG 5a 7b 78 98 [binary, 4 bytes]
2023-05-18 16:38:37,132 - DEBUG - % received keepalive pong
2023-05-18 16:38:44,639 - DEBUG - % sending keepalive ping
2023-05-18 16:38:44,640 - DEBUG - > PING 02 de da 07 [binary, 4 bytes]
2023-05-18 16:38:44,640 - DEBUG - < PONG 02 de da 07 [binary, 4 bytes]
2023-05-18 16:38:44,641 - DEBUG - % received keepalive pong
2023-05-18 16:38:57,140 - DEBUG - % sending keepalive ping
2023-05-18 16:38:57,140 - DEBUG - > PING 87 96 7d 9d [binary, 4 bytes]
2023-05-18 16:38:57,140 - DEBUG - < PONG 87 96 7d 9d [binary, 4 bytes]
2023-05-18 16:38:57,140 - DEBUG - % received keepalive pong
2023-05-18 16:39:04,653 - DEBUG - % sending keepalive ping
2023-05-18 16:39:04,653 - DEBUG - > PING 9b 1e ec de [binary, 4 bytes]
2023-05-18 16:39:04,654 - DEBUG - < PONG 9b 1e ec de [binary, 4 bytes]
2023-05-18 16:39:04,654 - DEBUG - % received keepalive pong
2023-05-18 16:39:17,147 - DEBUG - % sending keepalive ping
2023-05-18 16:39:17,147 - DEBUG - > PING 82 2a 2c e5 [binary, 4 bytes]
2023-05-18 16:39:17,147 - DEBUG - < PONG 82 2a 2c e5 [binary, 4 bytes]
2023-05-18 16:39:17,148 - DEBUG - % received keepalive pong
2023-05-18 16:39:24,670 - DEBUG - % sending keepalive ping
2023-05-18 16:39:24,670 - DEBUG - > PING 46 14 18 b0 [binary, 4 bytes]
2023-05-18 16:39:24,670 - DEBUG - < PONG 46 14 18 b0 [binary, 4 bytes]
2023-05-18 16:39:24,670 - DEBUG - % received keepalive pong
2023-05-18 16:39:37,155 - DEBUG - % sending keepalive ping
2023-05-18 16:39:37,155 - DEBUG - > PING bd 72 ca a9 [binary, 4 bytes]
2023-05-18 16:39:37,156 - DEBUG - < PONG bd 72 ca a9 [binary, 4 bytes]
2023-05-18 16:39:37,156 - DEBUG - % received keepalive pong
2023-05-18 16:39:44,676 - DEBUG - % sending keepalive ping
2023-05-18 16:39:44,676 - DEBUG - > PING 08 8f c3 99 [binary, 4 bytes]
2023-05-18 16:39:44,676 - DEBUG - < PONG 08 8f c3 99 [binary, 4 bytes]
2023-05-18 16:39:44,676 - DEBUG - % received keepalive pong
2023-05-18 16:39:57,168 - DEBUG - % sending keepalive ping
2023-05-18 16:39:57,169 - DEBUG - > PING 77 99 04 78 [binary, 4 bytes]
2023-05-18 16:39:57,169 - DEBUG - < PONG 77 99 04 78 [binary, 4 bytes]
2023-05-18 16:39:57,169 - DEBUG - % received keepalive pong
2023-05-18 16:40:04,675 - DEBUG - % sending keepalive ping
2023-05-18 16:40:04,675 - DEBUG - > PING 06 25 32 d2 [binary, 4 bytes]
2023-05-18 16:40:04,675 - DEBUG - < PONG 06 25 32 d2 [binary, 4 bytes]
2023-05-18 16:40:04,675 - DEBUG - % received keepalive pong
2023-05-18 16:40:17,188 - DEBUG - % sending keepalive ping
2023-05-18 16:40:17,188 - DEBUG - > PING f7 3f 41 b5 [binary, 4 bytes]
2023-05-18 16:40:17,189 - DEBUG - < PONG f7 3f 41 b5 [binary, 4 bytes]
2023-05-18 16:40:17,189 - DEBUG - % received keepalive pong
2023-05-18 16:40:24,676 - DEBUG - % sending keepalive ping
2023-05-18 16:40:24,676 - DEBUG - > PING d7 bc 6e da [binary, 4 bytes]
2023-05-18 16:40:24,676 - DEBUG - < PONG d7 bc 6e da [binary, 4 bytes]
2023-05-18 16:40:24,676 - DEBUG - % received keepalive pong
2023-05-18 16:40:37,197 - DEBUG - % sending keepalive ping
2023-05-18 16:40:37,197 - DEBUG - > PING b0 59 01 f6 [binary, 4 bytes]
2023-05-18 16:40:37,197 - DEBUG - < PONG b0 59 01 f6 [binary, 4 bytes]
2023-05-18 16:40:37,197 - DEBUG - % received keepalive pong
2023-05-18 16:40:44,679 - DEBUG - % sending keepalive ping
2023-05-18 16:40:44,679 - DEBUG - > PING 57 f9 46 7c [binary, 4 bytes]
2023-05-18 16:40:44,681 - DEBUG - < PONG 57 f9 46 7c [binary, 4 bytes]
2023-05-18 16:40:44,681 - DEBUG - % received keepalive pong
2023-05-18 16:40:57,201 - DEBUG - % sending keepalive ping
2023-05-18 16:40:57,201 - DEBUG - > PING f8 07 8a d9 [binary, 4 bytes]
2023-05-18 16:40:57,201 - DEBUG - < PONG f8 07 8a d9 [binary, 4 bytes]
2023-05-18 16:40:57,201 - DEBUG - % received keepalive pong
2023-05-18 16:41:04,689 - DEBUG - % sending keepalive ping
2023-05-18 16:41:04,689 - DEBUG - > PING 'cnyT' [text, 4 bytes]
2023-05-18 16:41:04,689 - DEBUG - < PONG 'cnyT' [text, 4 bytes]
2023-05-18 16:41:04,690 - DEBUG - % received keepalive pong
2023-05-18 16:41:17,206 - DEBUG - % sending keepalive ping
2023-05-18 16:41:17,206 - DEBUG - > PING f2 7c e6 92 [binary, 4 bytes]
2023-05-18 16:41:17,206 - DEBUG - < PONG f2 7c e6 92 [binary, 4 bytes]
2023-05-18 16:41:17,207 - DEBUG - % received keepalive pong
2023-05-18 16:41:24,704 - DEBUG - % sending keepalive ping
2023-05-18 16:41:24,704 - DEBUG - > PING e7 5e 14 fb [binary, 4 bytes]
2023-05-18 16:41:24,704 - DEBUG - < PONG e7 5e 14 fb [binary, 4 bytes]
2023-05-18 16:41:24,706 - DEBUG - % received keepalive pong
2023-05-18 16:41:37,206 - DEBUG - % sending keepalive ping
2023-05-18 16:41:37,206 - DEBUG - > PING 7c 4a a0 db [binary, 4 bytes]
2023-05-18 16:41:37,208 - DEBUG - < PONG 7c 4a a0 db [binary, 4 bytes]
2023-05-18 16:41:37,208 - DEBUG - % received keepalive pong
2023-05-18 16:41:44,714 - DEBUG - % sending keepalive ping
2023-05-18 16:41:44,714 - DEBUG - > PING d5 b9 75 b6 [binary, 4 bytes]
2023-05-18 16:41:44,715 - DEBUG - < PONG d5 b9 75 b6 [binary, 4 bytes]
2023-05-18 16:41:44,716 - DEBUG - % received keepalive pong
2023-05-18 16:41:57,204 - DEBUG - % sending keepalive ping
2023-05-18 16:41:57,204 - DEBUG - > PING ce d4 01 6f [binary, 4 bytes]
2023-05-18 16:41:57,205 - DEBUG - < PONG ce d4 01 6f [binary, 4 bytes]
2023-05-18 16:41:57,205 - DEBUG - % received keepalive pong
2023-05-18 16:42:04,725 - DEBUG - % sending keepalive ping
2023-05-18 16:42:04,725 - DEBUG - > PING 7b 3e 3a db [binary, 4 bytes]
2023-05-18 16:42:04,726 - DEBUG - < PONG 7b 3e 3a db [binary, 4 bytes]
2023-05-18 16:42:04,726 - DEBUG - % received keepalive pong
2023-05-18 16:42:17,201 - DEBUG - % sending keepalive ping
2023-05-18 16:42:17,201 - DEBUG - > PING d0 cd 1e 51 [binary, 4 bytes]
2023-05-18 16:42:17,201 - DEBUG - < PONG d0 cd 1e 51 [binary, 4 bytes]
2023-05-18 16:42:17,201 - DEBUG - % received keepalive pong
2023-05-18 16:42:24,747 - DEBUG - % sending keepalive ping
2023-05-18 16:42:24,747 - DEBUG - > PING 68 50 54 ee [binary, 4 bytes]
2023-05-18 16:42:24,748 - DEBUG - < PONG 68 50 54 ee [binary, 4 bytes]
2023-05-18 16:42:24,748 - DEBUG - % received keepalive pong
2023-05-18 16:42:37,207 - DEBUG - % sending keepalive ping
2023-05-18 16:42:37,207 - DEBUG - > PING 18 71 d5 ea [binary, 4 bytes]
2023-05-18 16:42:37,209 - DEBUG - < PONG 18 71 d5 ea [binary, 4 bytes]
2023-05-18 16:42:37,209 - DEBUG - % received keepalive pong
2023-05-18 16:42:44,758 - DEBUG - % sending keepalive ping
2023-05-18 16:42:44,758 - DEBUG - > PING d3 be 6c ab [binary, 4 bytes]
2023-05-18 16:42:44,758 - DEBUG - < PONG d3 be 6c ab [binary, 4 bytes]
2023-05-18 16:42:44,759 - DEBUG - % received keepalive pong
2023-05-18 16:42:57,201 - DEBUG - % sending keepalive ping
2023-05-18 16:42:57,201 - DEBUG - > PING 00 98 17 1c [binary, 4 bytes]
2023-05-18 16:42:57,201 - DEBUG - < PONG 00 98 17 1c [binary, 4 bytes]
2023-05-18 16:42:57,203 - DEBUG - % received keepalive pong
2023-05-18 16:43:04,781 - DEBUG - % sending keepalive ping
2023-05-18 16:43:04,781 - DEBUG - > PING 91 ef f4 64 [binary, 4 bytes]
2023-05-18 16:43:04,782 - DEBUG - < PONG 91 ef f4 64 [binary, 4 bytes]
2023-05-18 16:43:04,782 - DEBUG - % received keepalive pong
2023-05-18 16:43:17,211 - DEBUG - % sending keepalive ping
2023-05-18 16:43:17,211 - DEBUG - > PING cd 82 d9 54 [binary, 4 bytes]
2023-05-18 16:43:17,211 - DEBUG - < PONG cd 82 d9 54 [binary, 4 bytes]
2023-05-18 16:43:17,213 - DEBUG - % received keepalive pong
2023-05-18 16:43:24,790 - DEBUG - % sending keepalive ping
2023-05-18 16:43:24,790 - DEBUG - > PING 6f 66 dd 50 [binary, 4 bytes]
2023-05-18 16:43:24,791 - DEBUG - < PONG 6f 66 dd 50 [binary, 4 bytes]
2023-05-18 16:43:24,791 - DEBUG - % received keepalive pong
2023-05-18 16:43:37,226 - DEBUG - % sending keepalive ping
2023-05-18 16:43:37,226 - DEBUG - > PING 18 3b 34 91 [binary, 4 bytes]
2023-05-18 16:43:37,227 - DEBUG - < PONG 18 3b 34 91 [binary, 4 bytes]
2023-05-18 16:43:37,227 - DEBUG - % received keepalive pong
2023-05-18 16:43:44,799 - DEBUG - % sending keepalive ping
2023-05-18 16:43:44,799 - DEBUG - > PING ':<r?' [text, 4 bytes]
2023-05-18 16:43:44,800 - DEBUG - < PONG ':<r?' [text, 4 bytes]
2023-05-18 16:43:44,800 - DEBUG - % received keepalive pong
2023-05-18 16:43:57,243 - DEBUG - % sending keepalive ping
2023-05-18 16:43:57,243 - DEBUG - > PING 5f ab 92 a1 [binary, 4 bytes]
2023-05-18 16:43:57,243 - DEBUG - < PONG 5f ab 92 a1 [binary, 4 bytes]
2023-05-18 16:43:57,244 - DEBUG - % received keepalive pong
2023-05-18 16:44:04,794 - DEBUG - % sending keepalive ping
2023-05-18 16:44:04,794 - DEBUG - > PING 6c b2 a7 56 [binary, 4 bytes]
2023-05-18 16:44:04,795 - DEBUG - < PONG 6c b2 a7 56 [binary, 4 bytes]
2023-05-18 16:44:04,795 - DEBUG - % received keepalive pong
2023-05-18 16:44:17,259 - DEBUG - % sending keepalive ping
2023-05-18 16:44:17,259 - DEBUG - > PING ef 34 77 87 [binary, 4 bytes]
2023-05-18 16:44:17,259 - DEBUG - < PONG ef 34 77 87 [binary, 4 bytes]
2023-05-18 16:44:17,259 - DEBUG - % received keepalive pong
2023-05-18 16:44:24,791 - DEBUG - % sending keepalive ping
2023-05-18 16:44:24,791 - DEBUG - > PING 'xUkq' [text, 4 bytes]
2023-05-18 16:44:24,792 - DEBUG - < PONG 'xUkq' [text, 4 bytes]
2023-05-18 16:44:24,793 - DEBUG - % received keepalive pong
2023-05-18 16:44:37,266 - DEBUG - % sending keepalive ping
2023-05-18 16:44:37,266 - DEBUG - > PING be 03 03 9b [binary, 4 bytes]
2023-05-18 16:44:37,266 - DEBUG - < PONG be 03 03 9b [binary, 4 bytes]
2023-05-18 16:44:37,266 - DEBUG - % received keepalive pong
2023-05-18 16:44:44,806 - DEBUG - % sending keepalive ping
2023-05-18 16:44:44,806 - DEBUG - > PING d7 4e 50 ea [binary, 4 bytes]
2023-05-18 16:44:44,806 - DEBUG - < PONG d7 4e 50 ea [binary, 4 bytes]
2023-05-18 16:44:44,807 - DEBUG - % received keepalive pong
2023-05-18 16:44:57,269 - DEBUG - % sending keepalive ping
2023-05-18 16:44:57,269 - DEBUG - > PING 24 1e d5 d7 [binary, 4 bytes]
2023-05-18 16:44:57,270 - DEBUG - < PONG 24 1e d5 d7 [binary, 4 bytes]
2023-05-18 16:44:57,270 - DEBUG - % received keepalive pong
2023-05-18 16:45:04,822 - DEBUG - % sending keepalive ping
2023-05-18 16:45:04,822 - DEBUG - > PING f3 70 3a 83 [binary, 4 bytes]
2023-05-18 16:45:04,822 - DEBUG - < PONG f3 70 3a 83 [binary, 4 bytes]
2023-05-18 16:45:04,822 - DEBUG - % received keepalive pong
2023-05-18 16:45:17,271 - DEBUG - % sending keepalive ping
2023-05-18 16:45:17,271 - DEBUG - > PING 67 2e 83 dd [binary, 4 bytes]
2023-05-18 16:45:17,272 - DEBUG - < PONG 67 2e 83 dd [binary, 4 bytes]
2023-05-18 16:45:17,272 - DEBUG - % received keepalive pong
2023-05-18 16:45:24,846 - DEBUG - % sending keepalive ping
2023-05-18 16:45:24,846 - DEBUG - > PING 5f 76 5e cf [binary, 4 bytes]
2023-05-18 16:45:24,847 - DEBUG - < PONG 5f 76 5e cf [binary, 4 bytes]
2023-05-18 16:45:24,847 - DEBUG - % received keepalive pong
2023-05-18 16:45:37,279 - DEBUG - % sending keepalive ping
2023-05-18 16:45:37,279 - DEBUG - > PING 43 8f d3 8a [binary, 4 bytes]
2023-05-18 16:45:37,280 - DEBUG - < PONG 43 8f d3 8a [binary, 4 bytes]
2023-05-18 16:45:37,280 - DEBUG - % received keepalive pong
2023-05-18 16:45:44,856 - DEBUG - % sending keepalive ping
2023-05-18 16:45:44,856 - DEBUG - > PING a5 5a 67 e9 [binary, 4 bytes]
2023-05-18 16:45:44,857 - DEBUG - < PONG a5 5a 67 e9 [binary, 4 bytes]
2023-05-18 16:45:44,857 - DEBUG - % received keepalive pong
2023-05-18 16:45:57,285 - DEBUG - % sending keepalive ping
2023-05-18 16:45:57,285 - DEBUG - > PING 50 9e ce 1b [binary, 4 bytes]
2023-05-18 16:45:57,286 - DEBUG - < PONG 50 9e ce 1b [binary, 4 bytes]
2023-05-18 16:45:57,287 - DEBUG - % received keepalive pong
2023-05-18 16:46:04,875 - DEBUG - % sending keepalive ping
2023-05-18 16:46:04,875 - DEBUG - > PING c0 df 94 7a [binary, 4 bytes]
2023-05-18 16:46:04,876 - DEBUG - < PONG c0 df 94 7a [binary, 4 bytes]
2023-05-18 16:46:04,876 - DEBUG - % received keepalive pong
2023-05-18 16:46:17,295 - DEBUG - % sending keepalive ping
2023-05-18 16:46:17,296 - DEBUG - > PING 14 0b bd 01 [binary, 4 bytes]
2023-05-18 16:46:17,297 - DEBUG - < PONG 14 0b bd 01 [binary, 4 bytes]
2023-05-18 16:46:17,297 - DEBUG - % received keepalive pong
2023-05-18 16:46:24,876 - DEBUG - % sending keepalive ping
2023-05-18 16:46:24,876 - DEBUG - > PING 40 11 b5 a1 [binary, 4 bytes]
2023-05-18 16:46:24,876 - DEBUG - < PONG 40 11 b5 a1 [binary, 4 bytes]
2023-05-18 16:46:24,876 - DEBUG - % received keepalive pong
2023-05-18 16:46:37,304 - DEBUG - % sending keepalive ping
2023-05-18 16:46:37,304 - DEBUG - > PING db a1 87 9b [binary, 4 bytes]
2023-05-18 16:46:37,305 - DEBUG - < PONG db a1 87 9b [binary, 4 bytes]
2023-05-18 16:46:37,305 - DEBUG - % received keepalive pong
2023-05-18 16:46:44,880 - DEBUG - % sending keepalive ping
2023-05-18 16:46:44,880 - DEBUG - > PING f6 a0 30 74 [binary, 4 bytes]
2023-05-18 16:46:44,880 - DEBUG - < PONG f6 a0 30 74 [binary, 4 bytes]
2023-05-18 16:46:44,880 - DEBUG - % received keepalive pong
2023-05-18 16:46:57,327 - DEBUG - % sending keepalive ping
2023-05-18 16:46:57,327 - DEBUG - > PING 2f 1f e5 e6 [binary, 4 bytes]
2023-05-18 16:46:57,327 - DEBUG - < PONG 2f 1f e5 e6 [binary, 4 bytes]
2023-05-18 16:46:57,327 - DEBUG - % received keepalive pong
2023-05-18 16:47:04,887 - DEBUG - % sending keepalive ping
2023-05-18 16:47:04,887 - DEBUG - > PING d5 06 8f b4 [binary, 4 bytes]
2023-05-18 16:47:04,887 - DEBUG - < PONG d5 06 8f b4 [binary, 4 bytes]
2023-05-18 16:47:04,887 - DEBUG - % received keepalive pong
2023-05-18 16:47:17,332 - DEBUG - % sending keepalive ping
2023-05-18 16:47:17,332 - DEBUG - > PING ef cd 5f 0a [binary, 4 bytes]
2023-05-18 16:47:17,333 - DEBUG - < PONG ef cd 5f 0a [binary, 4 bytes]
2023-05-18 16:47:17,334 - DEBUG - % received keepalive pong
2023-05-18 16:47:24,911 - DEBUG - % sending keepalive ping
2023-05-18 16:47:24,911 - DEBUG - > PING 1a dd 03 c3 [binary, 4 bytes]
2023-05-18 16:47:24,912 - DEBUG - < PONG 1a dd 03 c3 [binary, 4 bytes]
2023-05-18 16:47:24,912 - DEBUG - % received keepalive pong
2023-05-18 16:47:37,338 - DEBUG - % sending keepalive ping
2023-05-18 16:47:37,338 - DEBUG - > PING 11 dd d3 2a [binary, 4 bytes]
2023-05-18 16:47:37,339 - DEBUG - < PONG 11 dd d3 2a [binary, 4 bytes]
2023-05-18 16:47:37,339 - DEBUG - % received keepalive pong
2023-05-18 16:47:44,917 - DEBUG - % sending keepalive ping
2023-05-18 16:47:44,917 - DEBUG - > PING 38 85 0f 47 [binary, 4 bytes]
2023-05-18 16:47:44,918 - DEBUG - < PONG 38 85 0f 47 [binary, 4 bytes]
2023-05-18 16:47:44,918 - DEBUG - % received keepalive pong
2023-05-18 16:47:57,353 - DEBUG - % sending keepalive ping
2023-05-18 16:47:57,353 - DEBUG - > PING 89 c6 3a 6c [binary, 4 bytes]
2023-05-18 16:47:57,354 - DEBUG - < PONG 89 c6 3a 6c [binary, 4 bytes]
2023-05-18 16:47:57,354 - DEBUG - % received keepalive pong
2023-05-18 16:48:04,923 - DEBUG - % sending keepalive ping
2023-05-18 16:48:04,923 - DEBUG - > PING '\n8"\x1e' [text, 4 bytes]
2023-05-18 16:48:04,924 - DEBUG - < PONG '\n8"\x1e' [text, 4 bytes]
2023-05-18 16:48:04,924 - DEBUG - % received keepalive pong
2023-05-18 16:48:17,363 - DEBUG - % sending keepalive ping
2023-05-18 16:48:17,363 - DEBUG - > PING '\x06\u3a71' [text, 4 bytes]
2023-05-18 16:48:17,364 - DEBUG - < PONG '\x06\u3a71' [text, 4 bytes]
2023-05-18 16:48:17,365 - DEBUG - % received keepalive pong
2023-05-18 16:48:24,932 - DEBUG - % sending keepalive ping
2023-05-18 16:48:24,932 - DEBUG - > PING ca 98 2b fc [binary, 4 bytes]
2023-05-18 16:48:24,933 - DEBUG - < PONG ca 98 2b fc [binary, 4 bytes]
2023-05-18 16:48:24,933 - DEBUG - % received keepalive pong
2023-05-18 16:48:37,369 - DEBUG - % sending keepalive ping
2023-05-18 16:48:37,369 - DEBUG - > PING dc 15 0e 50 [binary, 4 bytes]
2023-05-18 16:48:37,370 - DEBUG - < PONG dc 15 0e 50 [binary, 4 bytes]
2023-05-18 16:48:37,370 - DEBUG - % received keepalive pong
2023-05-18 16:48:44,947 - DEBUG - % sending keepalive ping
2023-05-18 16:48:44,947 - DEBUG - > PING 98 10 c9 5e [binary, 4 bytes]
2023-05-18 16:48:44,947 - DEBUG - < PONG 98 10 c9 5e [binary, 4 bytes]
2023-05-18 16:48:44,947 - DEBUG - % received keepalive pong
2023-05-18 16:48:57,370 - DEBUG - % sending keepalive ping
2023-05-18 16:48:57,370 - DEBUG - > PING d6 83 9f b0 [binary, 4 bytes]
2023-05-18 16:48:57,372 - DEBUG - < PONG d6 83 9f b0 [binary, 4 bytes]
2023-05-18 16:48:57,372 - DEBUG - % received keepalive pong
2023-05-18 16:49:04,963 - DEBUG - % sending keepalive ping
2023-05-18 16:49:04,963 - DEBUG - > PING 46 c9 2f 52 [binary, 4 bytes]
2023-05-18 16:49:04,963 - DEBUG - < PONG 46 c9 2f 52 [binary, 4 bytes]
2023-05-18 16:49:04,964 - DEBUG - % received keepalive pong
2023-05-18 16:49:17,383 - DEBUG - % sending keepalive ping
2023-05-18 16:49:17,383 - DEBUG - > PING a2 91 56 04 [binary, 4 bytes]
2023-05-18 16:49:17,384 - DEBUG - < PONG a2 91 56 04 [binary, 4 bytes]
2023-05-18 16:49:17,384 - DEBUG - % received keepalive pong
2023-05-18 16:49:24,976 - DEBUG - % sending keepalive ping
2023-05-18 16:49:24,976 - DEBUG - > PING c6 9b bb 70 [binary, 4 bytes]
2023-05-18 16:49:24,977 - DEBUG - < PONG c6 9b bb 70 [binary, 4 bytes]
2023-05-18 16:49:24,977 - DEBUG - % received keepalive pong
2023-05-18 16:49:37,387 - DEBUG - % sending keepalive ping
2023-05-18 16:49:37,387 - DEBUG - > PING 04 13 ab bd [binary, 4 bytes]
2023-05-18 16:49:37,388 - DEBUG - < PONG 04 13 ab bd [binary, 4 bytes]
2023-05-18 16:49:37,388 - DEBUG - % received keepalive pong
2023-05-18 16:49:44,995 - DEBUG - % sending keepalive ping
2023-05-18 16:49:44,995 - DEBUG - > PING 51 7e f3 14 [binary, 4 bytes]
2023-05-18 16:49:44,995 - DEBUG - < PONG 51 7e f3 14 [binary, 4 bytes]
2023-05-18 16:49:44,996 - DEBUG - % received keepalive pong
2023-05-18 16:49:57,397 - DEBUG - % sending keepalive ping
2023-05-18 16:49:57,397 - DEBUG - > PING bb 70 3b d0 [binary, 4 bytes]
2023-05-18 16:49:57,398 - DEBUG - < PONG bb 70 3b d0 [binary, 4 bytes]
2023-05-18 16:49:57,399 - DEBUG - % received keepalive pong
2023-05-18 16:50:05,004 - DEBUG - % sending keepalive ping
2023-05-18 16:50:05,004 - DEBUG - > PING dd 31 6b 81 [binary, 4 bytes]
2023-05-18 16:50:05,004 - DEBUG - < PONG dd 31 6b 81 [binary, 4 bytes]
2023-05-18 16:50:05,004 - DEBUG - % received keepalive pong
2023-05-18 16:50:17,414 - DEBUG - % sending keepalive ping
2023-05-18 16:50:17,415 - DEBUG - > PING d3 da 9d d1 [binary, 4 bytes]
2023-05-18 16:50:17,415 - DEBUG - < PONG d3 da 9d d1 [binary, 4 bytes]
2023-05-18 16:50:17,415 - DEBUG - % received keepalive pong
2023-05-18 16:50:24,999 - DEBUG - % sending keepalive ping
2023-05-18 16:50:24,999 - DEBUG - > PING 78 fd 01 db [binary, 4 bytes]
2023-05-18 16:50:25,000 - DEBUG - < PONG 78 fd 01 db [binary, 4 bytes]
2023-05-18 16:50:25,000 - DEBUG - % received keepalive pong
2023-05-18 16:50:37,426 - DEBUG - % sending keepalive ping
2023-05-18 16:50:37,426 - DEBUG - > PING 30 d8 c2 26 [binary, 4 bytes]
2023-05-18 16:50:37,427 - DEBUG - < PONG 30 d8 c2 26 [binary, 4 bytes]
2023-05-18 16:50:37,427 - DEBUG - % received keepalive pong
2023-05-18 16:50:45,009 - DEBUG - % sending keepalive ping
2023-05-18 16:50:45,010 - DEBUG - > PING 06 a0 68 93 [binary, 4 bytes]
2023-05-18 16:50:45,010 - DEBUG - < PONG 06 a0 68 93 [binary, 4 bytes]
2023-05-18 16:50:45,010 - DEBUG - % received keepalive pong
2023-05-18 16:50:57,422 - DEBUG - % sending keepalive ping
2023-05-18 16:50:57,422 - DEBUG - > PING a1 8e d1 3e [binary, 4 bytes]
2023-05-18 16:50:57,423 - DEBUG - < PONG a1 8e d1 3e [binary, 4 bytes]
2023-05-18 16:50:57,423 - DEBUG - % received keepalive pong
2023-05-18 16:51:05,029 - DEBUG - % sending keepalive ping
2023-05-18 16:51:05,029 - DEBUG - > PING ab a1 b6 d9 [binary, 4 bytes]
2023-05-18 16:51:05,030 - DEBUG - < PONG ab a1 b6 d9 [binary, 4 bytes]
2023-05-18 16:51:05,031 - DEBUG - % received keepalive pong
2023-05-18 16:51:17,434 - DEBUG - % sending keepalive ping
2023-05-18 16:51:17,434 - DEBUG - > PING 55 14 b0 52 [binary, 4 bytes]
2023-05-18 16:51:17,434 - DEBUG - < PONG 55 14 b0 52 [binary, 4 bytes]
2023-05-18 16:51:17,435 - DEBUG - % received keepalive pong
2023-05-18 16:51:25,043 - DEBUG - % sending keepalive ping
2023-05-18 16:51:25,043 - DEBUG - > PING 35 8e 4a 67 [binary, 4 bytes]
2023-05-18 16:51:25,043 - DEBUG - < PONG 35 8e 4a 67 [binary, 4 bytes]
2023-05-18 16:51:25,044 - DEBUG - % received keepalive pong
2023-05-18 16:51:37,451 - DEBUG - % sending keepalive ping
2023-05-18 16:51:37,451 - DEBUG - > PING f2 b1 99 56 [binary, 4 bytes]
2023-05-18 16:51:37,452 - DEBUG - < PONG f2 b1 99 56 [binary, 4 bytes]
2023-05-18 16:51:37,452 - DEBUG - % received keepalive pong
2023-05-18 16:51:45,053 - DEBUG - % sending keepalive ping
2023-05-18 16:51:45,053 - DEBUG - > PING bf 37 2f 74 [binary, 4 bytes]
2023-05-18 16:51:45,054 - DEBUG - < PONG bf 37 2f 74 [binary, 4 bytes]
2023-05-18 16:51:45,054 - DEBUG - % received keepalive pong
2023-05-18 16:51:57,464 - DEBUG - % sending keepalive ping
2023-05-18 16:51:57,464 - DEBUG - > PING 85 bf a3 f1 [binary, 4 bytes]
2023-05-18 16:51:57,465 - DEBUG - < PONG 85 bf a3 f1 [binary, 4 bytes]
2023-05-18 16:51:57,465 - DEBUG - % received keepalive pong
2023-05-18 16:52:05,057 - DEBUG - % sending keepalive ping
2023-05-18 16:52:05,057 - DEBUG - > PING 'B-\u0285' [text, 4 bytes]
2023-05-18 16:52:05,058 - DEBUG - < PONG 'B-\u0285' [text, 4 bytes]
2023-05-18 16:52:05,058 - DEBUG - % received keepalive pong
2023-05-18 16:52:17,472 - DEBUG - % sending keepalive ping
2023-05-18 16:52:17,472 - DEBUG - > PING 41 28 bd 57 [binary, 4 bytes]
2023-05-18 16:52:17,473 - DEBUG - < PONG 41 28 bd 57 [binary, 4 bytes]
2023-05-18 16:52:17,473 - DEBUG - % received keepalive pong
2023-05-18 16:52:25,077 - DEBUG - % sending keepalive ping
2023-05-18 16:52:25,077 - DEBUG - > PING 0d 29 f8 1b [binary, 4 bytes]
2023-05-18 16:52:25,077 - DEBUG - < PONG 0d 29 f8 1b [binary, 4 bytes]
2023-05-18 16:52:25,077 - DEBUG - % received keepalive pong
2023-05-18 16:52:37,471 - DEBUG - % sending keepalive ping
2023-05-18 16:52:37,471 - DEBUG - > PING f7 d4 48 1b [binary, 4 bytes]
2023-05-18 16:52:37,471 - DEBUG - < PONG f7 d4 48 1b [binary, 4 bytes]
2023-05-18 16:52:37,471 - DEBUG - % received keepalive pong
2023-05-18 16:52:45,095 - DEBUG - % sending keepalive ping
2023-05-18 16:52:45,095 - DEBUG - > PING ac 70 13 70 [binary, 4 bytes]
2023-05-18 16:52:45,096 - DEBUG - < PONG ac 70 13 70 [binary, 4 bytes]
2023-05-18 16:52:45,096 - DEBUG - % received keepalive pong
2023-05-18 16:52:57,476 - DEBUG - % sending keepalive ping
2023-05-18 16:52:57,476 - DEBUG - > PING '\x15{\x17\x06' [text, 4 bytes]
2023-05-18 16:52:57,476 - DEBUG - < PONG '\x15{\x17\x06' [text, 4 bytes]
2023-05-18 16:52:57,477 - DEBUG - % received keepalive pong
2023-05-18 16:53:05,089 - DEBUG - % sending keepalive ping
2023-05-18 16:53:05,089 - DEBUG - > PING da d9 f4 05 [binary, 4 bytes]
2023-05-18 16:53:05,090 - DEBUG - < PONG da d9 f4 05 [binary, 4 bytes]
2023-05-18 16:53:05,090 - DEBUG - % received keepalive pong
2023-05-18 16:53:17,495 - DEBUG - % sending keepalive ping
2023-05-18 16:53:17,495 - DEBUG - > PING '\x04D8U' [text, 4 bytes]
2023-05-18 16:53:17,496 - DEBUG - < PONG '\x04D8U' [text, 4 bytes]
2023-05-18 16:53:17,496 - DEBUG - % received keepalive pong
2023-05-18 16:53:25,102 - DEBUG - % sending keepalive ping
2023-05-18 16:53:25,102 - DEBUG - > PING a3 f2 a0 44 [binary, 4 bytes]
2023-05-18 16:53:25,103 - DEBUG - < PONG a3 f2 a0 44 [binary, 4 bytes]
2023-05-18 16:53:25,103 - DEBUG - % received keepalive pong
2023-05-18 16:53:37,509 - DEBUG - % sending keepalive ping
2023-05-18 16:53:37,509 - DEBUG - > PING 'o8D]' [text, 4 bytes]
2023-05-18 16:53:37,510 - DEBUG - < PONG 'o8D]' [text, 4 bytes]
2023-05-18 16:53:37,510 - DEBUG - % received keepalive pong
2023-05-18 16:53:45,105 - DEBUG - % sending keepalive ping
2023-05-18 16:53:45,105 - DEBUG - > PING d2 f9 12 b3 [binary, 4 bytes]
2023-05-18 16:53:45,105 - DEBUG - < PONG d2 f9 12 b3 [binary, 4 bytes]
2023-05-18 16:53:45,105 - DEBUG - % received keepalive pong
2023-05-18 16:53:57,517 - DEBUG - % sending keepalive ping
2023-05-18 16:53:57,517 - DEBUG - > PING ef fd 2c 3b [binary, 4 bytes]
2023-05-18 16:53:57,518 - DEBUG - < PONG ef fd 2c 3b [binary, 4 bytes]
2023-05-18 16:53:57,518 - DEBUG - % received keepalive pong
2023-05-18 16:54:05,115 - DEBUG - % sending keepalive ping
2023-05-18 16:54:05,115 - DEBUG - > PING 99 38 86 21 [binary, 4 bytes]
2023-05-18 16:54:05,116 - DEBUG - < PONG 99 38 86 21 [binary, 4 bytes]
2023-05-18 16:54:05,116 - DEBUG - % received keepalive pong
2023-05-18 16:54:17,534 - DEBUG - % sending keepalive ping
2023-05-18 16:54:17,534 - DEBUG - > PING 'G9V]' [text, 4 bytes]
2023-05-18 16:54:17,535 - DEBUG - < PONG 'G9V]' [text, 4 bytes]
2023-05-18 16:54:17,535 - DEBUG - % received keepalive pong
2023-05-18 16:54:25,113 - DEBUG - % sending keepalive ping
2023-05-18 16:54:25,113 - DEBUG - > PING 48 ea 29 a9 [binary, 4 bytes]
2023-05-18 16:54:25,115 - DEBUG - < PONG 48 ea 29 a9 [binary, 4 bytes]
2023-05-18 16:54:25,115 - DEBUG - % received keepalive pong
2023-05-18 16:54:37,540 - DEBUG - % sending keepalive ping
2023-05-18 16:54:37,540 - DEBUG - > PING fb 74 fa 08 [binary, 4 bytes]
2023-05-18 16:54:37,540 - DEBUG - < PONG fb 74 fa 08 [binary, 4 bytes]
2023-05-18 16:54:37,541 - DEBUG - % received keepalive pong
2023-05-18 16:54:45,116 - DEBUG - % sending keepalive ping
2023-05-18 16:54:45,116 - DEBUG - > PING 64 a7 8e 43 [binary, 4 bytes]
2023-05-18 16:54:45,116 - DEBUG - < PONG 64 a7 8e 43 [binary, 4 bytes]
2023-05-18 16:54:45,117 - DEBUG - % received keepalive pong
2023-05-18 16:54:57,559 - DEBUG - % sending keepalive ping
2023-05-18 16:54:57,559 - DEBUG - > PING 95 33 c6 b6 [binary, 4 bytes]
2023-05-18 16:54:57,560 - DEBUG - < PONG 95 33 c6 b6 [binary, 4 bytes]
2023-05-18 16:54:57,560 - DEBUG - % received keepalive pong
2023-05-18 16:55:05,109 - DEBUG - % sending keepalive ping
2023-05-18 16:55:05,109 - DEBUG - > PING a0 04 92 fc [binary, 4 bytes]
2023-05-18 16:55:05,109 - DEBUG - < PONG a0 04 92 fc [binary, 4 bytes]
2023-05-18 16:55:05,110 - DEBUG - % received keepalive pong
2023-05-18 16:55:17,565 - DEBUG - % sending keepalive ping
2023-05-18 16:55:17,565 - DEBUG - > PING dc bc 9c 4d [binary, 4 bytes]
2023-05-18 16:55:17,565 - DEBUG - < PONG dc bc 9c 4d [binary, 4 bytes]
2023-05-18 16:55:17,565 - DEBUG - % received keepalive pong
2023-05-18 16:55:25,123 - DEBUG - % sending keepalive ping
2023-05-18 16:55:25,123 - DEBUG - > PING '[HmJ' [text, 4 bytes]
2023-05-18 16:55:25,124 - DEBUG - < PONG '[HmJ' [text, 4 bytes]
2023-05-18 16:55:25,124 - DEBUG - % received keepalive pong
2023-05-18 16:55:37,573 - DEBUG - % sending keepalive ping
2023-05-18 16:55:37,573 - DEBUG - > PING f0 e9 63 42 [binary, 4 bytes]
2023-05-18 16:55:37,573 - DEBUG - < PONG f0 e9 63 42 [binary, 4 bytes]
2023-05-18 16:55:37,575 - DEBUG - % received keepalive pong
2023-05-18 16:55:45,134 - DEBUG - % sending keepalive ping
2023-05-18 16:55:45,134 - DEBUG - > PING 9e 08 0c 65 [binary, 4 bytes]
2023-05-18 16:55:45,135 - DEBUG - < PONG 9e 08 0c 65 [binary, 4 bytes]
2023-05-18 16:55:45,135 - DEBUG - % received keepalive pong
2023-05-18 16:55:57,579 - DEBUG - % sending keepalive ping
2023-05-18 16:55:57,579 - DEBUG - > PING a9 5b 60 dd [binary, 4 bytes]
2023-05-18 16:55:57,580 - DEBUG - < PONG a9 5b 60 dd [binary, 4 bytes]
2023-05-18 16:55:57,580 - DEBUG - % received keepalive pong
